<?xml version="1.0" encoding="UTF-8"?>
<!-- Generated by org.testng.reporters.JUnitReportReporter -->
<testsuite hostname="DESKTOP-BR079FT" failures="0" tests="3" name="Test.Zerodalogoinkeyword2" time="0.031" errors="0" timestamp="2022-06-03T17:37:26 IST" skipped="0">
  <testcase classname="Test.Zerodalogoinkeyword2" name="testa" time="0.025"/>
  <system-out/>
  <testcase classname="Test.Zerodalogoinkeyword2" name="testb" time="0.003"/>
  <system-out/>
  <testcase classname="Test.Zerodalogoinkeyword2" name="testc" time="0.003"/>
  <system-out/>
</testsuite> <!-- Test.Zerodalogoinkeyword2 -->
