<?xml version="1.0" encoding="UTF-8"?>
<!-- Generated by org.testng.reporters.JUnitReportReporter -->
<testsuite hostname="DESKTOP-BR079FT" failures="0" tests="1" name="Test.ZerodaPinpagetest" time="12.155" errors="0" timestamp="2022-06-17T13:12:11 IST" skipped="0">
  <testcase classname="Test.ZerodaPinpagetest" name="loginwithvalipintest" time="12.155"/>
  <system-out/>
</testsuite> <!-- Test.ZerodaPinpagetest -->
